<?xml version="1.0" encoding="UTF-8"?>
<testng-results ignored="0" total="2" passed="2" failed="0" skipped="0">
  <reporter-output>
  </reporter-output>
  <suite started-at="2024-06-07T11:33:01 IST" name="Default suite" finished-at="2024-06-07T11:33:01 IST" duration-ms="531">
    <groups>
    </groups>
    <test started-at="2024-06-07T11:33:01 IST" name="Default test" finished-at="2024-06-07T11:33:01 IST" duration-ms="531">
      <class name="day6.SerializationDeserialization">
        <test-method signature="ConvertJSON2POJO()[pri:0, instance:day6.SerializationDeserialization@47e2e487]" started-at="2024-06-07T11:33:01 IST" name="ConvertJSON2POJO" finished-at="2024-06-07T11:33:01 IST" duration-ms="453" status="PASS">
          <reporter-output>
          </reporter-output>
        </test-method> <!-- ConvertJSON2POJO -->
        <test-method signature="ConvertPOJO2JSON()[pri:0, instance:day6.SerializationDeserialization@47e2e487]" started-at="2024-06-07T11:33:01 IST" name="ConvertPOJO2JSON" finished-at="2024-06-07T11:33:01 IST" duration-ms="15" status="PASS">
          <reporter-output>
          </reporter-output>
        </test-method> <!-- ConvertPOJO2JSON -->
      </class> <!-- day6.SerializationDeserialization -->
    </test> <!-- Default test -->
  </suite> <!-- Default suite -->
</testng-results>
