<?xml version="1.0" encoding="UTF-8"?>
<testng-results ignored="0" total="1" passed="1" failed="0" skipped="0">
  <reporter-output>
  </reporter-output>
  <suite started-at="2024-06-23T18:16:14 IST" name="Default suite" finished-at="2024-06-23T18:16:16 IST" duration-ms="2907">
    <groups>
    </groups>
    <test started-at="2024-06-23T18:16:14 IST" name="Default test" finished-at="2024-06-23T18:16:16 IST" duration-ms="2907">
      <class name="oAuthPractice.AuthorizationServer">
        <test-method signature="GenerateToken()[pri:0, instance:oAuthPractice.AuthorizationServer@6f46426d]" started-at="2024-06-23T18:16:14 IST" name="GenerateToken" finished-at="2024-06-23T18:16:16 IST" duration-ms="2885" status="PASS">
          <reporter-output>
          </reporter-output>
        </test-method> <!-- GenerateToken -->
      </class> <!-- oAuthPractice.AuthorizationServer -->
    </test> <!-- Default test -->
  </suite> <!-- Default suite -->
</testng-results>
