<?xml version="1.0" encoding="UTF-8"?>
<testng-results ignored="0" total="3" passed="3" failed="0" skipped="0">
  <reporter-output>
  </reporter-output>
  <suite started-at="2024-07-17T19:52:36 IST" name="Default suite" finished-at="2024-07-17T19:52:49 IST" duration-ms="12974">
    <groups>
    </groups>
    <test started-at="2024-07-17T19:52:36 IST" name="Default test" finished-at="2024-07-17T19:52:49 IST" duration-ms="12974">
      <class name="testCases.TakeScreenshots">
        <test-method signature="TakeFullPageScreenShot()[pri:0, instance:testCases.TakeScreenshots@2ed2d9cb]" started-at="2024-07-17T19:52:36 IST" name="TakeFullPageScreenShot" finished-at="2024-07-17T19:52:41 IST" duration-ms="5140" status="PASS">
          <reporter-output>
          </reporter-output>
        </test-method> <!-- TakeFullPageScreenShot -->
        <test-method signature="TakeScreenShotAtSectionOFPage()[pri:1, instance:testCases.TakeScreenshots@2ed2d9cb]" started-at="2024-07-17T19:52:41 IST" name="TakeScreenShotAtSectionOFPage" finished-at="2024-07-17T19:52:45 IST" duration-ms="4034" status="PASS">
          <reporter-output>
          </reporter-output>
        </test-method> <!-- TakeScreenShotAtSectionOFPage -->
        <test-method signature="TakeScreenShotAtElementOFPage()[pri:2, instance:testCases.TakeScreenshots@2ed2d9cb]" started-at="2024-07-17T19:52:45 IST" name="TakeScreenShotAtElementOFPage" finished-at="2024-07-17T19:52:49 IST" duration-ms="3757" status="PASS">
          <reporter-output>
          </reporter-output>
        </test-method> <!-- TakeScreenShotAtElementOFPage -->
      </class> <!-- testCases.TakeScreenshots -->
    </test> <!-- Default test -->
  </suite> <!-- Default suite -->
</testng-results>
