<?xml version="1.0" encoding="UTF-8"?>
<!-- Generated by org.testng.reporters.JUnitXMLReporter -->
<testsuite ignored="0" hostname="NLPULTP8105079" failures="0" tests="3" name="Default test" time="12.974" errors="0" timestamp="2024-07-17T19:52:49 IST">
  <testcase classname="testCases.TakeScreenshots" name="TakeFullPageScreenShot" time="5.14"/>
  <testcase classname="testCases.TakeScreenshots" name="TakeScreenShotAtSectionOFPage" time="4.034"/>
  <testcase classname="testCases.TakeScreenshots" name="TakeScreenShotAtElementOFPage" time="3.757"/>
</testsuite> <!-- Default test -->
